<?xml version="1.0" encoding="UTF-8"?>
<!-- Generated by org.testng.reporters.JUnitXMLReporter -->
<testsuite hostname="DESKTOP-8V9ACPV" ignored="0" name="Default test" tests="2" failures="0" timestamp="05 Oct 2019 10:41:22 GMT" time="27.915" errors="0">
  <testcase name="runScenario" time="5.479" classname="cucumber.api.testng.AbstractTestNGCucumberTests"/>
  <testcase name="runScenario" time="4.234" classname="cucumber.api.testng.AbstractTestNGCucumberTests"/>
</testsuite> <!-- Default test -->
