<?xml version="1.0" encoding="UTF-8"?>
<testng-results skipped="0" failed="0" ignored="0" total="2" passed="2">
  <reporter-output>
  </reporter-output>
  <suite name="Suite" duration-ms="16866" started-at="2019-11-12T16:56:52Z" finished-at="2019-11-12T16:57:09Z">
    <groups>
      <group name="cucumber">
        <method signature="AbstractTestNGCucumberTests.runScenario(cucumber.api.testng.PickleEventWrapper, cucumber.api.testng.CucumberFeatureWrapper)[pri:0, instance:com.leafBot.testcases.TC001_CreateLead@eec5a4a]" name="runScenario" class="cucumber.api.testng.AbstractTestNGCucumberTests"/>
      </group> <!-- cucumber -->
    </groups>
    <test name="Test" duration-ms="16866" started-at="2019-11-12T16:56:52Z" finished-at="2019-11-12T16:57:09Z">
      <class name="com.leafBot.testcases.TC001_CreateLead">
        <test-method status="PASS" signature="startReport()[pri:0, instance:com.leafBot.testcases.TC001_CreateLead@eec5a4a]" name="startReport" is-config="true" duration-ms="533" started-at="2019-11-12T16:56:52Z" finished-at="2019-11-12T16:56:52Z">
          <reporter-output>
          </reporter-output>
        </test-method> <!-- startReport -->
        <test-method status="PASS" signature="setData()[pri:0, instance:com.leafBot.testcases.TC001_CreateLead@eec5a4a]" name="setData" is-config="true" duration-ms="0" started-at="2019-11-12T16:56:52Z" finished-at="2019-11-12T16:56:52Z">
          <reporter-output>
          </reporter-output>
        </test-method> <!-- setData -->
        <test-method status="PASS" signature="setUpClass()[pri:0, instance:com.leafBot.testcases.TC001_CreateLead@eec5a4a]" name="setUpClass" is-config="true" duration-ms="133" started-at="2019-11-12T16:56:52Z" finished-at="2019-11-12T16:56:52Z">
          <reporter-output>
          </reporter-output>
        </test-method> <!-- setUpClass -->
        <test-method status="PASS" signature="report()[pri:0, instance:com.leafBot.testcases.TC001_CreateLead@eec5a4a]" name="report" is-config="true" duration-ms="9" started-at="2019-11-12T16:56:52Z" finished-at="2019-11-12T16:56:52Z">
          <reporter-output>
          </reporter-output>
        </test-method> <!-- report -->
        <test-method status="PASS" signature="beforeMethod()[pri:0, instance:com.leafBot.testcases.TC001_CreateLead@eec5a4a]" name="beforeMethod" is-config="true" duration-ms="5572" started-at="2019-11-12T16:56:53Z" finished-at="2019-11-12T16:56:59Z">
          <reporter-output>
          </reporter-output>
        </test-method> <!-- beforeMethod -->
        <test-method status="PASS" signature="runTC001(java.lang.String, java.lang.String)[pri:0, instance:com.leafBot.testcases.TC001_CreateLead@eec5a4a]" name="runTC001" duration-ms="2649" started-at="2019-11-12T16:56:59Z" data-provider="fetchData" finished-at="2019-11-12T16:57:01Z">
          <params>
            <param index="0">
              <value>
                <![CDATA[DemoSalesManager]]>
              </value>
            </param>
            <param index="1">
              <value>
                <![CDATA[crmsfa]]>
              </value>
            </param>
          </params>
          <reporter-output>
          </reporter-output>
        </test-method> <!-- runTC001 -->
        <test-method status="PASS" signature="afterMethod()[pri:0, instance:com.leafBot.testcases.TC001_CreateLead@eec5a4a]" name="afterMethod" is-config="true" duration-ms="218" started-at="2019-11-12T16:57:01Z" finished-at="2019-11-12T16:57:02Z">
          <reporter-output>
          </reporter-output>
        </test-method> <!-- afterMethod -->
        <test-method status="PASS" signature="beforeMethod()[pri:0, instance:com.leafBot.testcases.TC001_CreateLead@eec5a4a]" name="beforeMethod" is-config="true" duration-ms="4740" started-at="2019-11-12T16:57:02Z" finished-at="2019-11-12T16:57:06Z">
          <reporter-output>
          </reporter-output>
        </test-method> <!-- beforeMethod -->
        <test-method status="PASS" signature="runTC001(java.lang.String, java.lang.String)[pri:0, instance:com.leafBot.testcases.TC001_CreateLead@eec5a4a]" name="runTC001" duration-ms="2594" started-at="2019-11-12T16:57:06Z" data-provider="fetchData" finished-at="2019-11-12T16:57:09Z">
          <params>
            <param index="0">
              <value>
                <![CDATA[DemoCSR]]>
              </value>
            </param>
            <param index="1">
              <value>
                <![CDATA[crmsfa]]>
              </value>
            </param>
          </params>
          <reporter-output>
          </reporter-output>
        </test-method> <!-- runTC001 -->
        <test-method status="PASS" signature="afterMethod()[pri:0, instance:com.leafBot.testcases.TC001_CreateLead@eec5a4a]" name="afterMethod" is-config="true" duration-ms="115" started-at="2019-11-12T16:57:09Z" finished-at="2019-11-12T16:57:09Z">
          <reporter-output>
          </reporter-output>
        </test-method> <!-- afterMethod -->
        <test-method status="PASS" signature="tearDownClass()[pri:0, instance:com.leafBot.testcases.TC001_CreateLead@eec5a4a]" name="tearDownClass" is-config="true" duration-ms="6" started-at="2019-11-12T16:57:09Z" finished-at="2019-11-12T16:57:09Z">
          <reporter-output>
          </reporter-output>
        </test-method> <!-- tearDownClass -->
        <test-method status="PASS" signature="stopReport()[pri:0, instance:com.leafBot.testcases.TC001_CreateLead@eec5a4a]" name="stopReport" is-config="true" duration-ms="444" started-at="2019-11-12T16:57:09Z" finished-at="2019-11-12T16:57:10Z">
          <reporter-output>
          </reporter-output>
        </test-method> <!-- stopReport -->
      </class> <!-- com.leafBot.testcases.TC001_CreateLead -->
    </test> <!-- Test -->
  </suite> <!-- Suite -->
</testng-results>
